<?xml version="1.0" encoding="UTF-8"?>
<!-- Generated by org.testng.reporters.JUnitXMLReporter -->
<testsuite ignored="3" hostname="AKKI" failures="0" tests="1" name="Default test" time="12.67" errors="0" timestamp="2022-06-11T22:39:00 IST">
  <testcase classname="TestCases.LoginPageTest" name="loginToUpstoxTest" time="6.083"/>
  <testcase classname="TestCases.LoginPageTest" name="verifyloginTitleTest" time="0.0">
    <ignored/>
  </testcase> <!-- verifyloginTitleTest -->
  <testcase classname="TestCases.LoginPageTest" name="verifyupstoxlogotest" time="0.0">
    <ignored/>
  </testcase> <!-- verifyupstoxlogotest -->
  <testcase classname="TestCases.LoginPageTest" name="verifyUpstoxTitleTest" time="0.0">
    <ignored/>
  </testcase> <!-- verifyUpstoxTitleTest -->
</testsuite> <!-- Default test -->
