<?xml version="1.0" encoding="UTF-8"?>
<testng-results ignored="3" total="4" passed="1" failed="0" skipped="0">
  <reporter-output>
  </reporter-output>
  <suite started-at="2022-06-11T22:38:47 IST" name="Default suite" finished-at="2022-06-11T22:39:00 IST" duration-ms="12670">
    <groups>
    </groups>
    <test started-at="2022-06-11T22:38:47 IST" name="Default test" finished-at="2022-06-11T22:39:00 IST" duration-ms="12670">
      <class name="TestCases.LoginPageTest">
        <test-method is-config="true" signature="setup()[pri:0, instance:TestCases.LoginPageTest@52e6fdee]" started-at="2022-06-11T22:38:47 IST" name="setup" finished-at="2022-06-11T22:38:53 IST" duration-ms="6190" status="PASS">
          <reporter-output>
          </reporter-output>
        </test-method> <!-- setup -->
        <test-method signature="loginToUpstoxTest()[pri:0, instance:TestCases.LoginPageTest@52e6fdee]" started-at="2022-06-11T22:38:53 IST" name="loginToUpstoxTest" finished-at="2022-06-11T22:39:00 IST" duration-ms="6083" status="PASS">
          <reporter-output>
          </reporter-output>
        </test-method> <!-- loginToUpstoxTest -->
        <test-method is-config="true" signature="exit()[pri:0, instance:TestCases.LoginPageTest@52e6fdee]" started-at="2022-06-11T22:39:00 IST" name="exit" finished-at="2022-06-11T22:39:00 IST" duration-ms="335" status="PASS">
          <reporter-output>
          </reporter-output>
        </test-method> <!-- exit -->
      </class> <!-- TestCases.LoginPageTest -->
    </test> <!-- Default test -->
  </suite> <!-- Default suite -->
</testng-results>
